<?xml version="1.0" encoding="UTF-8"?>
<!-- Generated by org.testng.reporters.JUnitXMLReporter -->
<testsuite ignored="0" hostname="Tekizma" failures="1" tests="3" name="Regression Testing" time="44.448" errors="0" timestamp="2022-12-26T15:01:06 IST">
  <testcase classname="com.inetbank.testCases.TC_LoginTest" name="LoginTest" time="1.358">
    <failure type="java.lang.AssertionError" message="expected [true] but found [false]">
      <![CDATA[java.lang.AssertionError: expected [true] but found [false]
at com.inetbank.testCases.TC_LoginTest.LoginTest(TC_LoginTest.java:29)
at java.base/java.util.ArrayList.forEach(ArrayList.java:1511)
... Removed 31 stack frames]]>
    </failure>
  </testcase> <!-- LoginTest -->
  <testcase classname="com.inetbank.testCases.TC_LoginTest_1" name="loginTest" time="8.973"/>
  <testcase classname="com.inetbank.testCases.TC_LoginTest_1" name="loginTest" time="4.121"/>
</testsuite> <!-- Regression Testing -->
